Tue Aug  5 10:39:53 UTC 2025
Tue Aug  5 11:37:36 UTC 2025
Tue Aug  5 13:54:56 UTC 2025
Tue Aug  5 14:54:44 UTC 2025
Tue Aug  5 15:46:14 UTC 2025
Tue Aug  5 16:47:58 UTC 2025
Tue Aug  5 17:46:00 UTC 2025
Tue Aug  5 19:01:24 UTC 2025
Tue Aug  5 20:42:41 UTC 2025
Wed Aug  6 05:56:44 UTC 2025
Wed Aug  6 07:02:53 UTC 2025
Wed Aug  6 09:00:03 UTC 2025
Wed Aug  6 09:53:34 UTC 2025
Wed Aug  6 10:53:03 UTC 2025
Wed Aug  6 11:37:28 UTC 2025
Wed Aug  6 13:56:36 UTC 2025
Wed Aug  6 14:54:53 UTC 2025
Wed Aug  6 15:47:30 UTC 2025
Wed Aug  6 16:58:09 UTC 2025
Wed Aug  6 17:49:33 UTC 2025
Wed Aug  6 18:58:43 UTC 2025
Wed Aug  6 19:35:18 UTC 2025
Wed Aug  6 20:45:38 UTC 2025
Thu Aug  7 05:54:49 UTC 2025
Thu Aug  7 07:01:36 UTC 2025
Thu Aug  7 08:58:57 UTC 2025
Thu Aug  7 09:52:05 UTC 2025
Thu Aug  7 10:51:54 UTC 2025
Thu Aug  7 11:36:16 UTC 2025
Thu Aug  7 13:53:55 UTC 2025
Thu Aug  7 14:53:36 UTC 2025
Thu Aug  7 15:45:58 UTC 2025
Thu Aug  7 16:56:24 UTC 2025
Thu Aug  7 17:48:49 UTC 2025
Thu Aug  7 19:00:14 UTC 2025
Thu Aug  7 20:45:44 UTC 2025
Fri Aug  8 05:54:38 UTC 2025
Fri Aug  8 07:01:59 UTC 2025
Fri Aug  8 08:58:18 UTC 2025
Fri Aug  8 09:51:42 UTC 2025
Fri Aug  8 10:51:04 UTC 2025
Fri Aug  8 11:35:13 UTC 2025
Fri Aug  8 13:53:28 UTC 2025
Fri Aug  8 14:50:39 UTC 2025
Fri Aug  8 15:45:36 UTC 2025
Fri Aug  8 16:47:43 UTC 2025
Fri Aug  8 17:38:31 UTC 2025
Fri Aug  8 18:55:02 UTC 2025
Fri Aug  8 19:26:53 UTC 2025
Fri Aug  8 20:41:37 UTC 2025
Sat Aug  9 05:41:24 UTC 2025
Sat Aug  9 06:53:55 UTC 2025
Sat Aug  9 07:31:40 UTC 2025
Sat Aug  9 08:48:48 UTC 2025
Sat Aug  9 09:36:26 UTC 2025
Sat Aug  9 10:42:27 UTC 2025
Sat Aug  9 11:28:31 UTC 2025
Sat Aug  9 13:37:02 UTC 2025
Sat Aug  9 14:39:44 UTC 2025
Sat Aug  9 15:37:19 UTC 2025
Sat Aug  9 16:49:04 UTC 2025
Sat Aug  9 17:36:59 UTC 2025
Sat Aug  9 18:53:27 UTC 2025
Sat Aug  9 19:26:41 UTC 2025
Sat Aug  9 20:38:36 UTC 2025
Sun Aug 10 05:46:59 UTC 2025
Sun Aug 10 06:54:18 UTC 2025
Sun Aug 10 07:32:01 UTC 2025
Sun Aug 10 08:48:03 UTC 2025
Sun Aug 10 09:36:39 UTC 2025
Sun Aug 10 10:43:27 UTC 2025
Sun Aug 10 11:28:26 UTC 2025
Sun Aug 10 13:37:30 UTC 2025
Sun Aug 10 14:39:22 UTC 2025
Sun Aug 10 15:37:02 UTC 2025
Sun Aug 10 16:49:06 UTC 2025
Sun Aug 10 17:34:48 UTC 2025
Sun Aug 10 18:51:15 UTC 2025
Sun Aug 10 19:26:02 UTC 2025
Sun Aug 10 20:38:41 UTC 2025
Mon Aug 11 05:53:21 UTC 2025
Mon Aug 11 07:00:23 UTC 2025
Mon Aug 11 08:57:03 UTC 2025
Mon Aug 11 09:49:26 UTC 2025
Mon Aug 11 10:50:38 UTC 2025
Mon Aug 11 11:32:28 UTC 2025
Mon Aug 11 13:51:28 UTC 2025
Mon Aug 11 14:50:05 UTC 2025
Mon Aug 11 15:43:20 UTC 2025
Mon Aug 11 16:55:22 UTC 2025
Mon Aug 11 17:44:18 UTC 2025
Mon Aug 11 18:57:33 UTC 2025
Mon Aug 11 19:31:35 UTC 2025
Mon Aug 11 20:38:20 UTC 2025
Tue Aug 12 05:40:42 UTC 2025
Tue Aug 12 06:55:31 UTC 2025
Tue Aug 12 07:37:40 UTC 2025
Tue Aug 12 08:53:56 UTC 2025
Tue Aug 12 09:40:41 UTC 2025
Tue Aug 12 10:47:36 UTC 2025
Tue Aug 12 11:30:40 UTC 2025
Tue Aug 12 13:46:35 UTC 2025
Tue Aug 12 14:45:58 UTC 2025
Tue Aug 12 15:42:02 UTC 2025
Tue Aug 12 16:53:31 UTC 2025
Tue Aug 12 17:41:01 UTC 2025
Tue Aug 12 18:55:17 UTC 2025
Tue Aug 12 19:28:10 UTC 2025
Tue Aug 12 20:40:32 UTC 2025
Wed Aug 13 05:43:56 UTC 2025
Wed Aug 13 06:56:28 UTC 2025
Wed Aug 13 07:38:36 UTC 2025
Wed Aug 13 08:55:49 UTC 2025
Wed Aug 13 09:42:10 UTC 2025
Wed Aug 13 10:47:17 UTC 2025
Wed Aug 13 11:31:22 UTC 2025
Wed Aug 13 13:48:14 UTC 2025
Wed Aug 13 14:47:35 UTC 2025
Wed Aug 13 15:33:08 UTC 2025
Wed Aug 13 16:43:44 UTC 2025
Wed Aug 13 17:32:04 UTC 2025
Wed Aug 13 18:53:33 UTC 2025
Wed Aug 13 19:28:35 UTC 2025
Wed Aug 13 20:39:17 UTC 2025
Thu Aug 14 05:42:58 UTC 2025
Thu Aug 14 06:57:25 UTC 2025
Thu Aug 14 07:37:55 UTC 2025
Thu Aug 14 08:55:01 UTC 2025
Thu Aug 14 09:42:50 UTC 2025
Thu Aug 14 10:48:52 UTC 2025
Thu Aug 14 11:32:08 UTC 2025
Thu Aug 14 13:49:03 UTC 2025
Thu Aug 14 14:44:55 UTC 2025
Thu Aug 14 15:41:29 UTC 2025
Thu Aug 14 16:51:06 UTC 2025
Thu Aug 14 17:40:04 UTC 2025
Thu Aug 14 18:55:26 UTC 2025
Thu Aug 14 19:26:06 UTC 2025
Thu Aug 14 20:40:00 UTC 2025
Fri Aug 15 05:42:43 UTC 2025
Fri Aug 15 06:55:31 UTC 2025
Fri Aug 15 07:33:16 UTC 2025
Fri Aug 15 08:51:31 UTC 2025
Fri Aug 15 09:39:17 UTC 2025
Fri Aug 15 10:44:20 UTC 2025
Fri Aug 15 11:29:04 UTC 2025
Fri Aug 15 13:38:46 UTC 2025
Fri Aug 15 14:42:16 UTC 2025
Fri Aug 15 15:38:42 UTC 2025
Fri Aug 15 16:49:48 UTC 2025
Fri Aug 15 17:38:26 UTC 2025
Fri Aug 15 18:54:43 UTC 2025
Fri Aug 15 19:26:48 UTC 2025
Fri Aug 15 20:38:46 UTC 2025
Sat Aug 16 05:38:41 UTC 2025
Sat Aug 16 06:51:39 UTC 2025
Sat Aug 16 07:30:05 UTC 2025
Sat Aug 16 08:46:03 UTC 2025
Sat Aug 16 09:32:37 UTC 2025
Sat Aug 16 10:38:52 UTC 2025
Sat Aug 16 11:26:00 UTC 2025
Sat Aug 16 13:18:26 UTC 2025
Sat Aug 16 14:36:04 UTC 2025
Sat Aug 16 15:32:29 UTC 2025
Sat Aug 16 16:43:30 UTC 2025
Sat Aug 16 17:31:51 UTC 2025
Sat Aug 16 18:48:48 UTC 2025
Sat Aug 16 19:25:23 UTC 2025
Sat Aug 16 20:34:43 UTC 2025
Sun Aug 17 05:39:48 UTC 2025
Sun Aug 17 06:53:19 UTC 2025
Sun Aug 17 07:31:39 UTC 2025
Sun Aug 17 08:46:35 UTC 2025
Sun Aug 17 09:32:45 UTC 2025
Sun Aug 17 10:40:41 UTC 2025
Sun Aug 17 11:27:00 UTC 2025
Sun Aug 17 13:34:05 UTC 2025
Sun Aug 17 14:38:14 UTC 2025
Sun Aug 17 15:34:08 UTC 2025
Sun Aug 17 16:46:13 UTC 2025
Sun Aug 17 17:34:26 UTC 2025
Sun Aug 17 18:50:53 UTC 2025
Sun Aug 17 19:25:46 UTC 2025
Sun Aug 17 20:38:07 UTC 2025
Mon Aug 18 05:47:55 UTC 2025
Mon Aug 18 06:58:56 UTC 2025
Mon Aug 18 07:40:33 UTC 2025
Mon Aug 18 08:55:44 UTC 2025
Mon Aug 18 09:47:16 UTC 2025
Mon Aug 18 10:49:11 UTC 2025
Mon Aug 18 11:31:38 UTC 2025
Mon Aug 18 13:48:30 UTC 2025
Mon Aug 18 14:48:37 UTC 2025
Mon Aug 18 15:42:05 UTC 2025
Mon Aug 18 16:54:43 UTC 2025
Mon Aug 18 17:41:28 UTC 2025
Mon Aug 18 18:55:32 UTC 2025
Mon Aug 18 19:29:35 UTC 2025
Mon Aug 18 20:36:12 UTC 2025
Tue Aug 19 05:38:31 UTC 2025
Tue Aug 19 06:53:03 UTC 2025
Tue Aug 19 07:31:11 UTC 2025
Tue Aug 19 08:50:38 UTC 2025
Tue Aug 19 09:37:22 UTC 2025
Tue Aug 19 10:43:03 UTC 2025
Tue Aug 19 11:28:00 UTC 2025
Tue Aug 19 13:37:26 UTC 2025
Tue Aug 19 14:42:14 UTC 2025
Tue Aug 19 15:38:16 UTC 2025
Tue Aug 19 16:48:32 UTC 2025
Tue Aug 19 17:35:44 UTC 2025
Tue Aug 19 18:50:33 UTC 2025
Tue Aug 19 19:25:15 UTC 2025
Tue Aug 19 20:32:50 UTC 2025
Wed Aug 20 05:39:15 UTC 2025
Wed Aug 20 06:54:23 UTC 2025
Wed Aug 20 07:32:52 UTC 2025
Wed Aug 20 08:44:57 UTC 2025
Wed Aug 20 09:38:30 UTC 2025
Wed Aug 20 10:42:44 UTC 2025
Wed Aug 20 11:28:37 UTC 2025
Wed Aug 20 13:38:58 UTC 2025
Wed Aug 20 14:42:10 UTC 2025
Wed Aug 20 15:39:35 UTC 2025
Wed Aug 20 16:47:35 UTC 2025
Wed Aug 20 17:34:52 UTC 2025
Wed Aug 20 18:53:37 UTC 2025
Wed Aug 20 19:26:01 UTC 2025
Wed Aug 20 20:38:24 UTC 2025
Thu Aug 21 05:39:22 UTC 2025
Thu Aug 21 07:00:55 UTC 2025
Thu Aug 21 07:36:49 UTC 2025
Thu Aug 21 08:48:30 UTC 2025
Thu Aug 21 09:38:08 UTC 2025
Thu Aug 21 10:42:27 UTC 2025
Thu Aug 21 11:28:19 UTC 2025
Thu Aug 21 13:38:31 UTC 2025
Thu Aug 21 14:41:54 UTC 2025
Thu Aug 21 15:38:29 UTC 2025
Thu Aug 21 18:49:28 UTC 2025
Thu Aug 21 19:25:12 UTC 2025
Thu Aug 21 20:37:28 UTC 2025
Fri Aug 22 05:38:34 UTC 2025
Fri Aug 22 06:53:19 UTC 2025
Fri Aug 22 07:30:23 UTC 2025
Fri Aug 22 08:47:23 UTC 2025
Fri Aug 22 09:36:54 UTC 2025
Fri Aug 22 10:41:47 UTC 2025
Fri Aug 22 11:26:43 UTC 2025
Fri Aug 22 13:34:50 UTC 2025
Fri Aug 22 14:39:00 UTC 2025
Fri Aug 22 15:31:36 UTC 2025
Fri Aug 22 16:46:00 UTC 2025
Fri Aug 22 17:33:52 UTC 2025
Fri Aug 22 18:50:33 UTC 2025
Fri Aug 22 19:25:23 UTC 2025
Fri Aug 22 20:37:13 UTC 2025
Sat Aug 23 05:33:23 UTC 2025
Sat Aug 23 06:48:06 UTC 2025
Sat Aug 23 07:27:47 UTC 2025
Sat Aug 23 08:42:41 UTC 2025
Sat Aug 23 09:32:06 UTC 2025
Sat Aug 23 10:37:23 UTC 2025
Sat Aug 23 11:24:33 UTC 2025
Sat Aug 23 13:14:39 UTC 2025
Sat Aug 23 14:34:31 UTC 2025
Sat Aug 23 15:31:54 UTC 2025
Sat Aug 23 16:40:51 UTC 2025
Sat Aug 23 17:30:28 UTC 2025
Sat Aug 23 18:44:49 UTC 2025
Sat Aug 23 19:22:02 UTC 2025
Sat Aug 23 20:32:36 UTC 2025
Sun Aug 24 05:37:01 UTC 2025
Sun Aug 24 06:49:28 UTC 2025
Sun Aug 24 07:31:00 UTC 2025
Sun Aug 24 08:39:48 UTC 2025
Sun Aug 24 09:30:04 UTC 2025
Sun Aug 24 10:37:38 UTC 2025
Sun Aug 24 11:24:59 UTC 2025
Sun Aug 24 13:22:50 UTC 2025
Sun Aug 24 14:34:37 UTC 2025
Sun Aug 24 15:32:03 UTC 2025
Sun Aug 24 16:42:45 UTC 2025
Sun Aug 24 17:31:28 UTC 2025
Sun Aug 24 18:51:06 UTC 2025
Sun Aug 24 19:23:31 UTC 2025
Sun Aug 24 20:34:03 UTC 2025
Mon Aug 25 05:41:26 UTC 2025
Mon Aug 25 06:55:45 UTC 2025
Mon Aug 25 07:32:36 UTC 2025
Mon Aug 25 08:53:49 UTC 2025
Mon Aug 25 09:38:50 UTC 2025
Mon Aug 25 10:42:59 UTC 2025
Mon Aug 25 11:28:20 UTC 2025
Mon Aug 25 13:39:35 UTC 2025
Mon Aug 25 14:42:10 UTC 2025
Mon Aug 25 15:38:58 UTC 2025
Mon Aug 25 16:49:18 UTC 2025
Mon Aug 25 17:32:29 UTC 2025
Mon Aug 25 18:52:07 UTC 2025
Mon Aug 25 19:25:17 UTC 2025
Mon Aug 25 20:37:34 UTC 2025
Tue Aug 26 05:39:02 UTC 2025
Tue Aug 26 06:54:32 UTC 2025
Tue Aug 26 07:32:14 UTC 2025
Tue Aug 26 08:51:45 UTC 2025
Tue Aug 26 09:39:05 UTC 2025
Tue Aug 26 10:42:58 UTC 2025
Tue Aug 26 11:29:35 UTC 2025
Tue Aug 26 13:42:28 UTC 2025
Tue Aug 26 14:39:38 UTC 2025
Tue Aug 26 15:36:14 UTC 2025
Tue Aug 26 16:45:35 UTC 2025
Tue Aug 26 17:33:03 UTC 2025
Tue Aug 26 18:48:52 UTC 2025
Tue Aug 26 19:23:43 UTC 2025
Tue Aug 26 20:34:17 UTC 2025
Wed Aug 27 05:34:48 UTC 2025
Wed Aug 27 06:49:33 UTC 2025
Wed Aug 27 07:29:15 UTC 2025
Wed Aug 27 08:45:38 UTC 2025
Wed Aug 27 09:34:53 UTC 2025
Wed Aug 27 10:38:51 UTC 2025
Wed Aug 27 11:25:47 UTC 2025
Wed Aug 27 13:33:45 UTC 2025
Wed Aug 27 14:39:03 UTC 2025
Wed Aug 27 15:35:16 UTC 2025
Wed Aug 27 16:46:01 UTC 2025
Wed Aug 27 17:32:28 UTC 2025
Wed Aug 27 18:46:08 UTC 2025
Wed Aug 27 19:25:02 UTC 2025
Wed Aug 27 20:35:11 UTC 2025
Thu Aug 28 05:36:01 UTC 2025
Thu Aug 28 06:51:35 UTC 2025
Thu Aug 28 07:30:35 UTC 2025
Thu Aug 28 08:46:31 UTC 2025
Thu Aug 28 09:33:58 UTC 2025
Thu Aug 28 10:40:21 UTC 2025
Thu Aug 28 11:26:10 UTC 2025
Thu Aug 28 13:35:29 UTC 2025
Thu Aug 28 14:40:41 UTC 2025
Thu Aug 28 15:34:45 UTC 2025
Thu Aug 28 16:45:19 UTC 2025
Thu Aug 28 17:32:37 UTC 2025
Thu Aug 28 18:49:28 UTC 2025
Thu Aug 28 19:23:50 UTC 2025
Thu Aug 28 20:33:46 UTC 2025
Fri Aug 29 05:34:14 UTC 2025
Fri Aug 29 06:49:31 UTC 2025
Fri Aug 29 07:30:18 UTC 2025
Fri Aug 29 08:44:26 UTC 2025
Fri Aug 29 09:33:52 UTC 2025
Fri Aug 29 10:38:51 UTC 2025
Fri Aug 29 11:25:34 UTC 2025
Fri Aug 29 13:18:18 UTC 2025
Fri Aug 29 14:37:56 UTC 2025
Fri Aug 29 15:30:24 UTC 2025
Fri Aug 29 16:44:11 UTC 2025
Fri Aug 29 17:31:07 UTC 2025
Fri Aug 29 18:43:48 UTC 2025
Fri Aug 29 19:22:44 UTC 2025
Fri Aug 29 20:32:31 UTC 2025
Sat Aug 30 05:31:48 UTC 2025
Sat Aug 30 06:42:59 UTC 2025
Sat Aug 30 07:25:11 UTC 2025
Sat Aug 30 08:38:03 UTC 2025
Sat Aug 30 09:28:14 UTC 2025
Sat Aug 30 10:33:26 UTC 2025
Sat Aug 30 11:22:23 UTC 2025
Sat Aug 30 13:03:10 UTC 2025
Sat Aug 30 14:30:08 UTC 2025
Sat Aug 30 15:28:25 UTC 2025
Sat Aug 30 16:38:45 UTC 2025
Sat Aug 30 17:27:48 UTC 2025
Sat Aug 30 18:41:46 UTC 2025
Sat Aug 30 19:21:39 UTC 2025
Sat Aug 30 20:31:00 UTC 2025
Sun Aug 31 05:32:33 UTC 2025
Sun Aug 31 06:45:32 UTC 2025
Sun Aug 31 07:26:35 UTC 2025
Sun Aug 31 08:37:31 UTC 2025
Sun Aug 31 09:27:59 UTC 2025
Sun Aug 31 10:33:44 UTC 2025
Sun Aug 31 11:22:54 UTC 2025
Sun Aug 31 13:04:11 UTC 2025
Sun Aug 31 14:31:19 UTC 2025
Sun Aug 31 15:29:10 UTC 2025
Sun Aug 31 16:39:21 UTC 2025
Sun Aug 31 17:29:05 UTC 2025
Sun Aug 31 18:42:30 UTC 2025
Sun Aug 31 19:21:58 UTC 2025
Sun Aug 31 20:31:53 UTC 2025
Mon Sep  1 05:38:59 UTC 2025
Mon Sep  1 06:54:43 UTC 2025
Mon Sep  1 07:31:47 UTC 2025
Mon Sep  1 08:50:21 UTC 2025
Mon Sep  1 09:39:33 UTC 2025
Mon Sep  1 10:43:07 UTC 2025
Mon Sep  1 11:26:34 UTC 2025
Mon Sep  1 13:34:57 UTC 2025
Mon Sep  1 14:37:55 UTC 2025
Mon Sep  1 15:32:25 UTC 2025
Mon Sep  1 16:42:06 UTC 2025
Mon Sep  1 17:29:30 UTC 2025
Mon Sep  1 18:46:00 UTC 2025
Mon Sep  1 19:22:54 UTC 2025
Mon Sep  1 20:31:58 UTC 2025
Tue Sep  2 05:38:27 UTC 2025
Tue Sep  2 06:52:31 UTC 2025
Tue Sep  2 07:31:34 UTC 2025
Tue Sep  2 08:48:00 UTC 2025
Tue Sep  2 09:34:49 UTC 2025
Tue Sep  2 10:40:47 UTC 2025
Tue Sep  2 11:26:24 UTC 2025
Tue Sep  2 13:36:41 UTC 2025
Tue Sep  2 14:42:10 UTC 2025
Tue Sep  2 15:38:02 UTC 2025
Tue Sep  2 16:46:52 UTC 2025
Tue Sep  2 17:30:07 UTC 2025
Tue Sep  2 18:45:18 UTC 2025
Tue Sep  2 19:22:12 UTC 2025
Tue Sep  2 20:28:54 UTC 2025
